<?xml version="1.0" encoding="UTF-8"?>
<testsuite name="ParkingLotTest" tests="12" skipped="0" failures="0" errors="0" timestamp="2020-04-26T17:42:02" hostname="revatitakale" time="0.074">
  <properties/>
  <testcase name="givenAVehicle_WhenThereIsSpace1inParkingLot_ShouldAllowToPark" classname="ParkingLotTest" time="0.04"/>
  <testcase name="givenAVehicle_WhenAlreadyParkedInParkingLot_ShouldThrowException" classname="ParkingLotTest" time="0.001"/>
  <testcase name="givenAVehicleToPark_WhenParkedInParkingLot_ShouldReturnTrue" classname="ParkingLotTest" time="0.0"/>
  <testcase name="givenAVehicle_WhenNoVehicleUnParked_ShouldThrowException" classname="ParkingLotTest" time="0.004"/>
  <testcase name="givenAVehicle_WhenUnParkedFromParkingLot_ShouldReturnTrue" classname="ParkingLotTest" time="0.001"/>
  <testcase name="givenAVehicles_WhenParkedInParkingLot_ShouldEvenlyDistributeInParkingLot" classname="ParkingLotTest" time="0.004"/>
  <testcase name="givenAVehicle_WhenToPark_ShouldReturnParkingDateTime" classname="ParkingLotTest" time="0.001"/>
  <testcase name="givenAVehicle_WhenAlreadyParked_ShouldThrowException" classname="ParkingLotTest" time="0.005"/>
  <testcase name="givenAVehicle_WhenAskForPosition_ShouldReturnPosition" classname="ParkingLotTest" time="0.001"/>
  <testcase name="givenAVehicle_WhenNotUnParked_ShouldReturnFalse" classname="ParkingLotTest" time="0.0"/>
  <testcase name="givenAVehicle_WhenNotParkedInParkingLot_ShouldReturnFalse" classname="ParkingLotTest" time="0.0"/>
  <testcase name="givenAVehicle_WhenDriverIsHandicap_ShouldParkVehicleAtNearestLotPosition" classname="ParkingLotTest" time="0.003"/>
  <system-out><![CDATA[]]></system-out>
  <system-err><![CDATA[]]></system-err>
</testsuite>
